d:\code\cppcheck\cppcheck-1.80\cppcheck_win\x64\release\vc140.pdb
d:\code\cppcheck\cppcheck-1.80\cppcheck_win\x64\release\mainwindow.obj
d:\code\cppcheck\cppcheck-1.80\cppcheck_win\x64\release\main.obj
d:\code\cppcheck\cppcheck-1.80\cppcheck_win\x64\release\logview.obj
d:\code\cppcheck\cppcheck-1.80\cppcheck_win\x64\release\libraryeditargdialog.obj
d:\code\cppcheck\cppcheck-1.80\cppcheck_win\x64\release\librarydialog.obj
d:\code\cppcheck\cppcheck-1.80\cppcheck_win\x64\release\libraryaddfunctiondialog.obj
d:\code\cppcheck\cppcheck-1.80\cppcheck_win\x64\release\fileviewdialog.obj
d:\code\cppcheck\cppcheck-1.80\cppcheck_win\x64\release\filelist.obj
d:\code\cppcheck\cppcheck-1.80\cppcheck_win\x64\release\erroritem.obj
d:\code\cppcheck\cppcheck-1.80\cppcheck_win\x64\release\csvreport.obj
d:\code\cppcheck\cppcheck-1.80\cppcheck_win\x64\release\cppchecklibrarydata.obj
d:\code\cppcheck\cppcheck-1.80\cppcheck_win\x64\release\common.obj
d:\code\cppcheck\cppcheck-1.80\cppcheck_win\x64\release\checkthread.obj
d:\code\cppcheck\cppcheck-1.80\cppcheck_win\x64\release\checkstatistics.obj
d:\code\cppcheck\cppcheck-1.80\cppcheck_win\x64\release\applicationlist.obj
d:\code\cppcheck\cppcheck-1.80\cppcheck_win\x64\release\applicationdialog.obj
d:\code\cppcheck\cppcheck-1.80\cppcheck_win\x64\release\application.obj
d:\code\cppcheck\cppcheck-1.80\cppcheck_win\x64\release\aboutdialog.obj
d:\code\cppcheck\cppcheck-1.80\cppcheck_win\x64\release\tinyxml2.obj
d:\code\cppcheck\cppcheck-1.80\cppcheck_win\x64\release\simplecpp.obj
d:\code\cppcheck\cppcheck-1.80\cppcheck_win\x64\release\analyzerinfo.obj
d:\code\cppcheck\cppcheck-1.80\cppcheck_win\x64\release\xmlreportv2.obj
d:\code\cppcheck\cppcheck-1.80\cppcheck_win\x64\release\xmlreportv1.obj
d:\code\cppcheck\cppcheck-1.80\cppcheck_win\x64\release\xmlreport.obj
d:\code\cppcheck\cppcheck-1.80\cppcheck_win\x64\release\txtreport.obj
d:\code\cppcheck\cppcheck-1.80\cppcheck_win\x64\release\translationhandler.obj
d:\code\cppcheck\cppcheck-1.80\cppcheck_win\x64\release\threadresult.obj
d:\code\cppcheck\cppcheck-1.80\cppcheck_win\x64\release\threadhandler.obj
d:\code\cppcheck\cppcheck-1.80\cppcheck_win\x64\release\statsdialog.obj
d:\code\cppcheck\cppcheck-1.80\cppcheck_win\x64\release\showtypes.obj
d:\code\cppcheck\cppcheck-1.80\cppcheck_win\x64\release\settingsdialog.obj
d:\code\cppcheck\cppcheck-1.80\cppcheck_win\x64\release\scratchpad.obj
d:\code\cppcheck\cppcheck-1.80\cppcheck_win\x64\release\resultsview.obj
d:\code\cppcheck\cppcheck-1.80\cppcheck_win\x64\release\resultstree.obj
d:\code\cppcheck\cppcheck-1.80\cppcheck_win\x64\release\report.obj
d:\code\cppcheck\cppcheck-1.80\cppcheck_win\x64\release\projectfiledialog.obj
d:\code\cppcheck\cppcheck-1.80\cppcheck_win\x64\release\projectfile.obj
d:\code\cppcheck\cppcheck-1.80\cppcheck_win\x64\release\project.obj
d:\code\cppcheck\cppcheck-1.80\cppcheck_win\x64\release\printablereport.obj
d:\code\cppcheck\cppcheck-1.80\cppcheck_win\x64\release\platforms.obj
d:\code\cppcheck\cppcheck-1.80\cppcheck_win\x64\release\checksizeof.obj
d:\code\cppcheck\cppcheck-1.80\cppcheck_win\x64\release\checkpostfixoperator.obj
d:\code\cppcheck\cppcheck-1.80\cppcheck_win\x64\release\checkother.obj
d:\code\cppcheck\cppcheck-1.80\cppcheck_win\x64\release\checknullpointer.obj
d:\code\cppcheck\cppcheck-1.80\cppcheck_win\x64\release\checkmemoryleak.obj
d:\code\cppcheck\cppcheck-1.80\cppcheck_win\x64\release\checkleakautovar.obj
d:\code\cppcheck\cppcheck-1.80\cppcheck_win\x64\release\checkio.obj
d:\code\cppcheck\cppcheck-1.80\cppcheck_win\x64\release\checkinternal.obj
d:\code\cppcheck\cppcheck-1.80\cppcheck_win\x64\release\checkfunctions.obj
d:\code\cppcheck\cppcheck-1.80\cppcheck_win\x64\release\checkexceptionsafety.obj
d:\code\cppcheck\cppcheck-1.80\cppcheck_win\x64\release\checkcondition.obj
d:\code\cppcheck\cppcheck-1.80\cppcheck_win\x64\release\checkclass.obj
d:\code\cppcheck\cppcheck-1.80\cppcheck_win\x64\release\checkbufferoverrun.obj
d:\code\cppcheck\cppcheck-1.80\cppcheck_win\x64\release\checkboost.obj
d:\code\cppcheck\cppcheck-1.80\cppcheck_win\x64\release\checkbool.obj
d:\code\cppcheck\cppcheck-1.80\cppcheck_win\x64\release\checkautovariables.obj
d:\code\cppcheck\cppcheck-1.80\cppcheck_win\x64\release\checkassert.obj
d:\code\cppcheck\cppcheck-1.80\cppcheck_win\x64\release\check64bit.obj
d:\code\cppcheck\cppcheck-1.80\cppcheck_win\x64\release\check.obj
d:\code\cppcheck\cppcheck-1.80\cppcheck_win\x64\release\astutils.obj
d:\code\cppcheck\cppcheck-1.80\cppcheck_win\x64\release\templatesimplifier.obj
d:\code\cppcheck\cppcheck-1.80\cppcheck_win\x64\release\symboldatabase.obj
d:\code\cppcheck\cppcheck-1.80\cppcheck_win\x64\release\suppressions.obj
d:\code\cppcheck\cppcheck-1.80\cppcheck_win\x64\release\settings.obj
d:\code\cppcheck\cppcheck-1.80\cppcheck_win\x64\release\preprocessor.obj
d:\code\cppcheck\cppcheck-1.80\cppcheck_win\x64\release\platform.obj
d:\code\cppcheck\cppcheck-1.80\cppcheck_win\x64\release\pathmatch.obj
d:\code\cppcheck\cppcheck-1.80\cppcheck_win\x64\release\path.obj
d:\code\cppcheck\cppcheck-1.80\cppcheck_win\x64\release\mathlib.obj
d:\code\cppcheck\cppcheck-1.80\cppcheck_win\x64\release\library.obj
d:\code\cppcheck\cppcheck-1.80\cppcheck_win\x64\release\importproject.obj
d:\code\cppcheck\cppcheck-1.80\cppcheck_win\x64\release\errorlogger.obj
d:\code\cppcheck\cppcheck-1.80\cppcheck_win\x64\release\cppcheck.obj
d:\code\cppcheck\cppcheck-1.80\cppcheck_win\x64\release\checkvaarg.obj
d:\code\cppcheck\cppcheck-1.80\cppcheck_win\x64\release\checkunusedvar.obj
d:\code\cppcheck\cppcheck-1.80\cppcheck_win\x64\release\checkunusedfunctions.obj
d:\code\cppcheck\cppcheck-1.80\cppcheck_win\x64\release\checkuninitvar.obj
d:\code\cppcheck\cppcheck-1.80\cppcheck_win\x64\release\checktype.obj
d:\code\cppcheck\cppcheck-1.80\cppcheck_win\x64\release\checkstring.obj
d:\code\cppcheck\cppcheck-1.80\cppcheck_win\x64\release\checkstl.obj
d:\code\cppcheck\cppcheck-1.80\cppcheck_win\x64\release\moc_resultstree.obj
d:\code\cppcheck\cppcheck-1.80\cppcheck_win\x64\release\moc_projectfiledialog.obj
d:\code\cppcheck\cppcheck-1.80\cppcheck_win\x64\release\moc_projectfile.obj
d:\code\cppcheck\cppcheck-1.80\cppcheck_win\x64\release\moc_project.obj
d:\code\cppcheck\cppcheck-1.80\cppcheck_win\x64\release\moc_platforms.obj
d:\code\cppcheck\cppcheck-1.80\cppcheck_win\x64\release\moc_mainwindow.obj
d:\code\cppcheck\cppcheck-1.80\cppcheck_win\x64\release\moc_logview.obj
d:\code\cppcheck\cppcheck-1.80\cppcheck_win\x64\release\moc_libraryeditargdialog.obj
d:\code\cppcheck\cppcheck-1.80\cppcheck_win\x64\release\moc_librarydialog.obj
d:\code\cppcheck\cppcheck-1.80\cppcheck_win\x64\release\moc_libraryaddfunctiondialog.obj
d:\code\cppcheck\cppcheck-1.80\cppcheck_win\x64\release\moc_fileviewdialog.obj
d:\code\cppcheck\cppcheck-1.80\cppcheck_win\x64\release\moc_checkthread.obj
d:\code\cppcheck\cppcheck-1.80\cppcheck_win\x64\release\moc_applicationlist.obj
d:\code\cppcheck\cppcheck-1.80\cppcheck_win\x64\release\moc_applicationdialog.obj
d:\code\cppcheck\cppcheck-1.80\cppcheck_win\x64\release\moc_aboutdialog.obj
d:\code\cppcheck\cppcheck-1.80\cppcheck_win\x64\release\valueflow.obj
d:\code\cppcheck\cppcheck-1.80\cppcheck_win\x64\release\tokenlist.obj
d:\code\cppcheck\cppcheck-1.80\cppcheck_win\x64\release\tokenize.obj
d:\code\cppcheck\cppcheck-1.80\cppcheck_win\x64\release\token.obj
d:\code\cppcheck\cppcheck-1.80\cppcheck_win\x64\release\timer.obj
d:\code\cppcheck\cppcheck-1.80\cppcheck_win\x64\release\moc_txtreport.obj
d:\code\cppcheck\cppcheck-1.80\cppcheck_win\x64\release\moc_translationhandler.obj
d:\code\cppcheck\cppcheck-1.80\cppcheck_win\x64\release\moc_threadresult.obj
d:\code\cppcheck\cppcheck-1.80\cppcheck_win\x64\release\moc_threadhandler.obj
d:\code\cppcheck\cppcheck-1.80\cppcheck_win\x64\release\moc_statsdialog.obj
d:\code\cppcheck\cppcheck-1.80\cppcheck_win\x64\release\moc_settingsdialog.obj
d:\code\cppcheck\cppcheck-1.80\cppcheck_win\x64\release\moc_scratchpad.obj
d:\code\cppcheck\cppcheck-1.80\cppcheck_win\x64\release\moc_resultsview.obj
d:\code\cppcheck\cppcheck-1.80\cppcheck_win\x64\release\qrc_gui.obj
d:\code\cppcheck\cppcheck-1.80\cppcheck_win\generatedfiles\ui_about.h
d:\code\cppcheck\cppcheck-1.80\cppcheck_win\generatedfiles\ui_application.h
d:\code\cppcheck\cppcheck-1.80\cppcheck_win\generatedfiles\ui_logview.h
d:\code\cppcheck\cppcheck-1.80\cppcheck_win\generatedfiles\ui_mainwindow.h
d:\code\cppcheck\cppcheck-1.80\cppcheck_win\generatedfiles\ui_projectfiledialog.h
d:\code\cppcheck\cppcheck-1.80\cppcheck_win\generatedfiles\ui_resultsview.h
d:\code\cppcheck\cppcheck-1.80\cppcheck_win\generatedfiles\ui_scratchpad.h
d:\code\cppcheck\cppcheck-1.80\cppcheck_win\generatedfiles\ui_settings.h
d:\code\cppcheck\cppcheck-1.80\cppcheck_win\generatedfiles\ui_file.h
d:\code\cppcheck\cppcheck-1.80\cppcheck_win\generatedfiles\ui_stats.h
d:\code\cppcheck\cppcheck-1.80\cppcheck_win\generatedfiles\qrc_gui.cpp
d:\code\cppcheck\cppcheck-1.80\cppcheck_win\generatedfiles\ui_librarydialog.h
d:\code\cppcheck\cppcheck-1.80\cppcheck_win\generatedfiles\ui_libraryaddfunctiondialog.h
d:\code\cppcheck\cppcheck-1.80\cppcheck_win\generatedfiles\ui_libraryeditargdialog.h
d:\code\cppcheck\cppcheck-1.80\cppcheck_win\generatedfiles\release\moc_mainwindow.cpp
d:\code\cppcheck\cppcheck-1.80\cppcheck_win\generatedfiles\release\moc_librarydialog.cpp
d:\code\cppcheck\cppcheck-1.80\cppcheck_win\generatedfiles\release\moc_libraryaddfunctiondialog.cpp
d:\code\cppcheck\cppcheck-1.80\cppcheck_win\generatedfiles\release\moc_libraryeditargdialog.cpp
d:\code\cppcheck\cppcheck-1.80\cppcheck_win\generatedfiles\release\moc_scratchpad.cpp
d:\code\cppcheck\cppcheck-1.80\cppcheck_win\generatedfiles\release\moc_settingsdialog.cpp
d:\code\cppcheck\cppcheck-1.80\cppcheck_win\generatedfiles\release\moc_txtreport.cpp
d:\code\cppcheck\cppcheck-1.80\cppcheck_win\generatedfiles\release\moc_translationhandler.cpp
d:\code\cppcheck\cppcheck-1.80\cppcheck_win\generatedfiles\release\moc_threadresult.cpp
d:\code\cppcheck\cppcheck-1.80\cppcheck_win\generatedfiles\release\moc_threadhandler.cpp
d:\code\cppcheck\cppcheck-1.80\cppcheck_win\generatedfiles\release\moc_statsdialog.cpp
d:\code\cppcheck\cppcheck-1.80\cppcheck_win\generatedfiles\release\moc_resultsview.cpp
d:\code\cppcheck\cppcheck-1.80\cppcheck_win\generatedfiles\release\moc_resultstree.cpp
d:\code\cppcheck\cppcheck-1.80\cppcheck_win\generatedfiles\release\moc_projectfiledialog.cpp
d:\code\cppcheck\cppcheck-1.80\cppcheck_win\generatedfiles\release\moc_projectfile.cpp
d:\code\cppcheck\cppcheck-1.80\cppcheck_win\generatedfiles\release\moc_project.cpp
d:\code\cppcheck\cppcheck-1.80\cppcheck_win\generatedfiles\release\moc_platforms.cpp
d:\code\cppcheck\cppcheck-1.80\cppcheck_win\generatedfiles\release\moc_logview.cpp
d:\code\cppcheck\cppcheck-1.80\cppcheck_win\generatedfiles\release\moc_applicationlist.cpp
d:\code\cppcheck\cppcheck-1.80\cppcheck_win\generatedfiles\release\moc_applicationdialog.cpp
d:\code\cppcheck\cppcheck-1.80\cppcheck_win\generatedfiles\release\moc_aboutdialog.cpp
d:\code\cppcheck\cppcheck-1.80\cppcheck_win\generatedfiles\release\moc_fileviewdialog.cpp
d:\code\cppcheck\cppcheck-1.80\cppcheck_win\generatedfiles\release\moc_checkthread.cpp
d:\code\cppcheck\cppcheck-1.80\x64\release\cppcheck_win.ilk
d:\code\cppcheck\cppcheck-1.80\x64\release\cppcheck_win.exe
d:\code\cppcheck\cppcheck-1.80\x64\release\cppcheck_win.pdb
d:\code\cppcheck\cppcheck-1.80\cppcheck_win\x64\release\cppcheck-gui.res
d:\code\cppcheck\cppcheck-1.80\cppcheck_win\x64\release\cppcheck_win.tlog\cl.command.1.tlog
d:\code\cppcheck\cppcheck-1.80\cppcheck_win\x64\release\cppcheck_win.tlog\cl.read.1.tlog
d:\code\cppcheck\cppcheck-1.80\cppcheck_win\x64\release\cppcheck_win.tlog\cl.write.1.tlog
d:\code\cppcheck\cppcheck-1.80\cppcheck_win\x64\release\cppcheck_win.tlog\custombuild.command.1.tlog
d:\code\cppcheck\cppcheck-1.80\cppcheck_win\x64\release\cppcheck_win.tlog\custombuild.read.1.tlog
d:\code\cppcheck\cppcheck-1.80\cppcheck_win\x64\release\cppcheck_win.tlog\custombuild.write.1.tlog
d:\code\cppcheck\cppcheck-1.80\cppcheck_win\x64\release\cppcheck_win.tlog\link.command.1.tlog
d:\code\cppcheck\cppcheck-1.80\cppcheck_win\x64\release\cppcheck_win.tlog\link.read.1.tlog
d:\code\cppcheck\cppcheck-1.80\cppcheck_win\x64\release\cppcheck_win.tlog\link.write.1.tlog
d:\code\cppcheck\cppcheck-1.80\cppcheck_win\x64\release\cppcheck_win.tlog\rc.command.1.tlog
d:\code\cppcheck\cppcheck-1.80\cppcheck_win\x64\release\cppcheck_win.tlog\rc.read.1.tlog
d:\code\cppcheck\cppcheck-1.80\cppcheck_win\x64\release\cppcheck_win.tlog\rc.write.1.tlog
